<?xml version="1.0" encoding="UTF-8"?>
<!-- Generated by org.testng.reporters.JUnitReportReporter -->
<testsuite hostname="DESKTOP-BLFTK83" name="com.all.kdmc.DoctorSRS" tests="1" failures="0" timestamp="25 Jan 2018 13:37:35 GMT" time="150.157" errors="0">
  <testcase name="Login" time="150.157" classname="com.all.kdmc.DoctorSRS"/>
</testsuite> <!-- com.all.kdmc.DoctorSRS -->
