<?xml version="1.0" encoding="UTF-8"?>
<!-- Generated by org.testng.reporters.JUnitReportReporter -->
<testsuite hostname="DESKTOP-BLFTK83" name="com.all.kdmc.EmployeeSRS" tests="1" failures="0" timestamp="29 Oct 2018 12:23:22 GMT" time="418.551" errors="0">
  <testcase name="OPEN" time="418.551" classname="com.all.kdmc.EmployeeSRS"/>
</testsuite> <!-- com.all.kdmc.EmployeeSRS -->
