<?xml version="1.0" encoding="UTF-8"?>
<!-- Generated by org.testng.reporters.JUnitReportReporter -->
<testsuite hostname="DESKTOP-BLFTK83" name="com.all.kdmc.DMSTOCMSSRS" tests="1" failures="0" timestamp="25 Jan 2018 11:00:29 GMT" time="703.779" errors="0">
  <testcase name="Run" time="703.779" classname="com.all.kdmc.DMSTOCMSSRS"/>
</testsuite> <!-- com.all.kdmc.DMSTOCMSSRS -->
