<?xml version="1.0" encoding="UTF-8"?>
<!-- Generated by org.testng.reporters.JUnitReportReporter -->
<testsuite hostname="DESKTOP-BLFTK83" name="com.all.kdmc.HospitalHealthpostDispensaryAndAdmin" tests="1" failures="0" timestamp="29 Oct 2018 12:29:10 GMT" time="152.853" errors="0">
  <testcase name="HOSHELDIS_REG" time="152.853" classname="com.all.kdmc.HospitalHealthpostDispensaryAndAdmin"/>
</testsuite> <!-- com.all.kdmc.HospitalHealthpostDispensaryAndAdmin -->
