<?xml version="1.0" encoding="UTF-8"?>
<!-- Generated by org.testng.reporters.JUnitReportReporter -->
<testsuite hostname="DESKTOP-BLFTK83" name="com.all.kdmc.InpatientrequestSRS" tests="1" failures="0" timestamp="25 Jan 2018 11:00:29 GMT" time="585.070" errors="0">
  <testcase name="openbrowser" time="585.070" classname="com.all.kdmc.InpatientrequestSRS"/>
</testsuite> <!-- com.all.kdmc.InpatientrequestSRS -->
