<?xml version="1.0" encoding="UTF-8"?>
<!-- Generated by org.testng.reporters.JUnitReportReporter -->
<testsuite hostname="DESKTOP-BLFTK83" name="com.all.kdmc.DeleteEmployeeSRS" tests="1" failures="0" timestamp="25 Jan 2018 10:01:31 GMT" time="0.518" errors="0">
  <testcase name="deletehospital" time="0.518" classname="com.all.kdmc.DeleteEmployeeSRS"/>
</testsuite> <!-- com.all.kdmc.DeleteEmployeeSRS -->
